============================= test session starts =============================
platform win32 -- Python 3.13.9, pytest-9.0.1, pluggy-1.6.0 -- C:\Users\vimal\OneDrive\Documents\tick\.venv\Scripts\python.exe
cachedir: .pytest_cache
rootdir: C:\Users\vimal\OneDrive\Documents\tick
configfile: pytest.ini
plugins: anyio-4.11.0
collecting ... collected 45 items

tests/services/test_project_service.py::test_create_project PASSED       [  2%]
tests/services/test_tag_service.py::test_create_tag PASSED               [  4%]
tests/services/test_time_entry_service.py::test_start_and_stop_timer PASSED [  6%]
tests/test_cli.py::test_app_help PASSED                                  [  8%]
tests/test_cli.py::test_start_timer_new_project PASSED                   [ 11%]
tests/test_cli.py::test_start_timer_existing_project PASSED              [ 13%]
tests/test_cli.py::test_start_timer_already_running FAILED               [ 15%]
tests/test_cli.py::test_start_timer_stop_and_start_new PASSED            [ 17%]
tests/test_cli.py::test_stop_timer PASSED                                [ 20%]
tests/test_cli.py::test_stop_timer_no_running PASSED                     [ 22%]
tests/test_cli.py::test_status_running FAILED                            [ 24%]
tests/test_cli.py::test_status_no_running PASSED                         [ 26%]
tests/test_cli.py::test_log_time PASSED                                  [ 28%]
tests/test_cli.py::test_log_time_new_project PASSED                      [ 31%]
tests/test_cli.py::test_config_set_and_get_timezone FAILED               [ 33%]
tests/test_cli.py::test_start_timer_output_timezone_aware PASSED         [ 35%]
tests/test_cli.py::test_stop_timer_output_timezone_aware PASSED          [ 37%]
tests/test_cli.py::test_status_output_timezone_aware FAILED              [ 40%]
tests/test_cli.py::test_log_time_output_timezone_aware PASSED            [ 42%]
tests/test_cli.py::test_cli_commands_run_without_error FAILED            [ 44%]
tests/test_cli_config.py::test_config_set_get_list_delete FAILED         [ 46%]
tests/test_cli_projects.py::test_project_add PASSED                      [ 48%]
tests/test_cli_projects.py::test_project_add_with_parent PASSED          [ 51%]
tests/test_cli_projects.py::test_project_list PASSED                     [ 53%]
tests/test_cli_projects.py::test_project_edit_name PASSED                [ 55%]
tests/test_cli_projects.py::test_project_delete PASSED                   [ 57%]
tests/test_cli_reports.py::test_report_generate_day PASSED               [ 60%]
tests/test_cli_reports.py::test_report_generate_project_grouping PASSED  [ 62%]
tests/test_cli_reports.py::test_report_generate_timezone_aware FAILED    [ 64%]
tests/test_cli_reports.py::test_report_generate_no_data PASSED           [ 66%]
tests/test_cli_time_entries.py::test_logs_all FAILED                     [ 68%]
tests/test_cli_time_entries.py::test_logs_output_timezone_aware FAILED   [ 71%]
tests/test_cli_time_entries.py::test_logs_date_filter_timezone_aware FAILED [ 73%]
tests/test_cli_time_entries.py::test_logs_filter_date PASSED             [ 75%]
tests/test_cli_time_entries.py::test_logs_filter_project PASSED          [ 77%]
tests/test_cli_time_entries.py::test_adjust_entry PASSED                 [ 80%]
tests/test_cli_time_entries.py::test_adjust_entry_timezone_aware PASSED  [ 82%]
tests/test_cli_time_entries.py::test_delete_entry PASSED                 [ 84%]
tests/test_cli_time_entries.py::test_show_all_head PASSED                [ 86%]
tests/test_cli_time_entries.py::test_show_all_tail PASSED                [ 88%]
tests/test_cli_time_entries.py::test_show_all_head_and_tail_error PASSED [ 91%]
tests/test_models.py::test_project_model PASSED                          [ 93%]
tests/test_models.py::test_time_entry_model PASSED                       [ 95%]
tests/test_models.py::test_tag_model PASSED                              [ 97%]
tests/test_utils.py::test_format_duration PASSED                         [100%]

================================== FAILURES ===================================
______________________ test_start_timer_already_running _______________________
tests\test_cli.py:36: in test_start_timer_already_running
    assert result.exit_code == 1
E   assert 0 == 1
E    +  where 0 = <Result okay>.exit_code
_____________________________ test_status_running _____________________________
tests\test_cli.py:67: in test_status_running
    assert result.exit_code == 0
E   assert 1 == 0
E    +  where 1 = <Result TypeError("can't subtract offset-naive and offset-aware datetimes")>.exit_code
______________________ test_config_set_and_get_timezone _______________________
tests\test_cli.py:106: in test_config_set_and_get_timezone
    assert "Configuration key 'timezone': 'America/New_York'." in result.stdout
E   assert "Configuration key 'timezone': 'America/New_York'." in 'timezone = America/New_York\n'
E    +  where 'timezone = America/New_York\n' = <Result okay>.stdout
______________________ test_status_output_timezone_aware ______________________
tests\test_cli.py:155: in test_status_output_timezone_aware
    assert result.exit_code == 0
E   assert 1 == 0
E    +  where 1 = <Result TypeError("can't subtract offset-naive and offset-aware datetimes")>.exit_code
_____________________ test_cli_commands_run_without_error _____________________
tests\test_cli.py:200: in test_cli_commands_run_without_error
    assert result.exit_code == 0, f"status failed: {result.stdout}"
E   AssertionError: status failed: 
E   assert 1 == 0
E    +  where 1 = <Result TypeError("can't subtract offset-naive and offset-aware datetimes")>.exit_code
_______________________ test_config_set_get_list_delete _______________________
tests\test_cli_config.py:29: in test_config_set_get_list_delete
    assert "Configuration key 'timezone': 'America/New_York'." in result.stdout.strip()
E   assert "Configuration key 'timezone': 'America/New_York'." in 'timezone = America/New_York'
E    +  where 'timezone = America/New_York' = <built-in method strip of str object at 0x0000024A78CF1E80>()
E    +    where <built-in method strip of str object at 0x0000024A78CF1E80> = 'timezone = America/New_York\n'.strip
E    +      where 'timezone = America/New_York\n' = <Result okay>.stdout
_____________________ test_report_generate_timezone_aware _____________________
tests\test_cli_reports.py:50: in test_report_generate_timezone_aware
    assert expected_date_str in result.stdout
E   AssertionError: assert '2025-08-01' in ' Time Report (Grouped by day)  \\n\u250c\u2500\u2500\u2500\u2500\u2500\u2500\u2500\u2500\u2500\u2500\u2500\u2500\u252c\u2500\u2500\u2500\u2500\u2500\u2500\u2500\u2500\u2500\u2500\u2500\u2500\u2500\u2500\u2500\u2500\u2510\\n\u2502 Category   \u2502 Total Duration \u2502\\n\u251c\u2500\u2500\u2500\u2500\u2500\u2500\u2500\u2500\u2500\u2500\u2500\u2500\u253c\u2500\u2500\u2500\u2500\u2500\u2500\u2500\u2500\u2500\u2500\u2500\u2500\u2500\u2500\u2500\u2500\u2524\\n\u2502 2025-07-31 \u2502 1h 0m 0s       \u2502\\n\u251c\u2500\u2500\u2500\u2500\u2500\u2500\u2500\u2500\u2500\u2500\u2500\u2500\u253c\u2500\u2500\u2500\u2500\u2500\u2500\u2500\u2500\u2500\u2500\u2500\u2500\u2500\u2500\u2500\u2500\u2524\\n\u2502 TOTAL      \u2502 1h 0m 0s       \u2502\\n\u2514\u2500\u2500\u2500\u2500\u2500\u2500\u2500\u2500\u2500\u2500\u2500\u2500\u2534\u2500\u2500\u2500\u2500\u2500\u2500\u2500\u2500\u2500\u2500\u2500\u2500\u2500\u2500\u2500\u2500\u2518\\n'
E    +  where ' Time Report (Grouped by day)  \\n\u250c\u2500\u2500\u2500\u2500\u2500\u2500\u2500\u2500\u2500\u2500\u2500\u2500\u252c\u2500\u2500\u2500\u2500\u2500\u2500\u2500\u2500\u2500\u2500\u2500\u2500\u2500\u2500\u2500\u2500\u2510\\n\u2502 Category   \u2502 Total Duration \u2502\\n\u251c\u2500\u2500\u2500\u2500\u2500\u2500\u2500\u2500\u2500\u2500\u2500\u2500\u253c\u2500\u2500\u2500\u2500\u2500\u2500\u2500\u2500\u2500\u2500\u2500\u2500\u2500\u2500\u2500\u2500\u2524\\n\u2502 2025-07-31 \u2502 1h 0m 0s       \u2502\\n\u251c\u2500\u2500\u2500\u2500\u2500\u2500\u2500\u2500\u2500\u2500\u2500\u2500\u253c\u2500\u2500\u2500\u2500\u2500\u2500\u2500\u2500\u2500\u2500\u2500\u2500\u2500\u2500\u2500\u2500\u2524\\n\u2502 TOTAL      \u2502 1h 0m 0s       \u2502\\n\u2514\u2500\u2500\u2500\u2500\u2500\u2500\u2500\u2500\u2500\u2500\u2500\u2500\u2534\u2500\u2500\u2500\u2500\u2500\u2500\u2500\u2500\u2500\u2500\u2500\u2500\u2500\u2500\u2500\u2500\u2518\\n' = <Result okay>.stdout
________________________________ test_logs_all ________________________________
tests\test_cli_time_entries.py:21: in test_logs_all
    assert "Task 1" in result.stdout.strip()
E   AssertionError: assert 'Task 1' in 'No time entries found for the given criteria.'
E    +  where 'No time entries found for the given criteria.' = <built-in method strip of str object at 0x0000024A76FFD170>()
E    +    where <built-in method strip of str object at 0x0000024A76FFD170> = 'No time entries found for the given criteria.\n'.strip
E    +      where 'No time entries found for the given criteria.\n' = <Result okay>.stdout
_______________________ test_logs_output_timezone_aware _______________________
tests\test_cli_time_entries.py:42: in test_logs_output_timezone_aware
    assert expected_start_time[:13] in result.stdout
E   AssertionError: assert '2025-08-01 02' in '                                   Time Logs                                   \\n\u250c\u2500\u2500\u2500\u2500\u252c\u2500\u2500\u2500\u2500\u2500\u2500\u2500\u2500\u2500\u2500\u2500\u2500\u2500\u252c\u2500\u2500\u2500\u2500\u2500\u2500\u2500\u2500\u2500\u2500\u2500\u2500\u2500\u252c\u2500\u2500\u2500\u2500\u2500\u2500\u252c\u2500\u2500\u2500\u2500\u2500\u2500\u2500\u2500\u2500\u2500\u2500\u2500\u2500\u252c\u2500\u2500\u2500\u2500\u2500\u2500\u2500\u2500\u2500\u2500\u2500\u2500\u252c\u2500\u2500\u2500\u2500\u2500\u2500\u2500\u2500\u2500\u2500\u2510\\n\u2502 ID \u2502 Project     \u2502 Description \u2502 Tags \u2502 Start Time  \u2502 End Time   \u2502 Duration \u2502\\n\u251c\u2500\u2500\u2500\u2500\u253c\u2500\u2500\u2500\u2500\u2500\u2500\u2500\u2500\u2500\u2500\u2500\u2500\u2500\u253c\u2500\u2500\u2500\u2500\u2500\u2500\u2500\u2500\u2500\u2500\u2500\u2500\u2500\u253c\u2500\u2500\u2500\u2500\u2500\u2500\u253c\u2500\u2500\u2500\u2500\u2500\u2500\u2500\u2500\u2500\u2500\u2500\u2500\u2500\u253c\u2500\u2500\u2500\u2500\u2500\u2500\u2500\u2500\u2500\u2500\u2500\u2500\u253c\u2500\u2500\u2500\u2500\u2500\u2500\u2500\u2500\u2500\u2500\u2524\\n\u2502 1  \u2502 TZLogProje\u2026 \u2502 TZ Task     \u2502      \u2502 2025-08-01  \u2502 2025-08-01 \u2502 1h 0m 0s \u2502\\n\u2502    \u2502             \u2502             \u2502      \u2502 02:00       \u2502 03:00      \u2502          \u2502\\n\u2514\u2500\u2500\u2500\u2500\u2534\u2500\u2500\u2500\u2500\u2500\u2500\u2500\u2500\u2500\u2500\u2500\u2500\u2500\u2534\u2500\u2500\u2500\u2500\u2500\u2500\u2500\u2500\u2500\u2500\u2500\u2500\u2500\u2534\u2500\u2500\u2500\u2500\u2500\u2500\u2534\u2500\u2500\u2500\u2500\u2500\u2500\u2500\u2500\u2500\u2500\u2500\u2500\u2500\u2534\u2500\u2500\u2500\u2500\u2500\u2500\u2500\u2500\u2500\u2500\u2500\u2500\u2534\u2500\u2500\u2500\u2500\u2500\u2500\u2500\u2500\u2500\u2500\u2518\\n'
E    +  where '                                   Time Logs                                   \\n\u250c\u2500\u2500\u2500\u2500\u252c\u2500\u2500\u2500\u2500\u2500\u2500\u2500\u2500\u2500\u2500\u2500\u2500\u2500\u252c\u2500\u2500\u2500\u2500\u2500\u2500\u2500\u2500\u2500\u2500\u2500\u2500\u2500\u252c\u2500\u2500\u2500\u2500\u2500\u2500\u252c\u2500\u2500\u2500\u2500\u2500\u2500\u2500\u2500\u2500\u2500\u2500\u2500\u2500\u252c\u2500\u2500\u2500\u2500\u2500\u2500\u2500\u2500\u2500\u2500\u2500\u2500\u252c\u2500\u2500\u2500\u2500\u2500\u2500\u2500\u2500\u2500\u2500\u2510\\n\u2502 ID \u2502 Project     \u2502 Description \u2502 Tags \u2502 Start Time  \u2502 End Time   \u2502 Duration \u2502\\n\u251c\u2500\u2500\u2500\u2500\u253c\u2500\u2500\u2500\u2500\u2500\u2500\u2500\u2500\u2500\u2500\u2500\u2500\u2500\u253c\u2500\u2500\u2500\u2500\u2500\u2500\u2500\u2500\u2500\u2500\u2500\u2500\u2500\u253c\u2500\u2500\u2500\u2500\u2500\u2500\u253c\u2500\u2500\u2500\u2500\u2500\u2500\u2500\u2500\u2500\u2500\u2500\u2500\u2500\u253c\u2500\u2500\u2500\u2500\u2500\u2500\u2500\u2500\u2500\u2500\u2500\u2500\u253c\u2500\u2500\u2500\u2500\u2500\u2500\u2500\u2500\u2500\u2500\u2524\\n\u2502 1  \u2502 TZLogProje\u2026 \u2502 TZ Task     \u2502      \u2502 2025-08-01  \u2502 2025-08-01 \u2502 1h 0m 0s \u2502\\n\u2502    \u2502             \u2502             \u2502      \u2502 02:00       \u2502 03:00      \u2502          \u2502\\n\u2514\u2500\u2500\u2500\u2500\u2534\u2500\u2500\u2500\u2500\u2500\u2500\u2500\u2500\u2500\u2500\u2500\u2500\u2500\u2534\u2500\u2500\u2500\u2500\u2500\u2500\u2500\u2500\u2500\u2500\u2500\u2500\u2500\u2534\u2500\u2500\u2500\u2500\u2500\u2500\u2534\u2500\u2500\u2500\u2500\u2500\u2500\u2500\u2500\u2500\u2500\u2500\u2500\u2500\u2534\u2500\u2500\u2500\u2500\u2500\u2500\u2500\u2500\u2500\u2500\u2500\u2500\u2534\u2500\u2500\u2500\u2500\u2500\u2500\u2500\u2500\u2500\u2500\u2518\\n' = <Result okay>.stdout
____________________ test_logs_date_filter_timezone_aware _____________________
tests\test_cli_time_entries.py:61: in test_logs_date_filter_timezone_aware
    assert "Overnight Task" in result.stdout # Should be included as it starts on Aug 1 local
    ^^^^^^^^^^^^^^^^^^^^^^^^^^^^^^^^^^^^^^^^
E   AssertionError: assert 'Overnight Task' in '                                   Time Logs                                   \\n\u250c\u2500\u2500\u2500\u2500\u252c\u2500\u2500\u2500\u2500\u2500\u2500\u2500\u2500\u2500\u2500\u2500\u2500\u2500\u252c\u2500\u2500\u2500\u2500\u2500\u2500\u2500\u2500\u2500\u2500\u2500\u2500\u2500\u252c\u2500\u2500\u2500\u2500\u2500\u2500\u252c\u2500\u2500\u2500\u2500\u2500\u2500\u2500\u2500\u2500\u2500\u2500\u2500\u252c\u2500\u2500\u2500\u2500\u2500\u2500\u2500\u2500\u2500\u2500\u2500\u2500\u2500\u252c\u2500\u2500\u2500\u2500\u2500\u2500\u2500\u2500\u2500\u2500\u2510\\n\u2502 ID \u2502 Project     \u2502 Description \u2502 Tags \u2502 Start Time \u2502 End Time    \u2502 Duration \u2502\\n\u251c\u2500\u2500\u2500\u2500\u253c\u2500\u2500\u2500\u2500\u2500\u2500\u2500\u2500\u2500\u2500\u2500\u2500\u2500\u253c\u2500\u2500\u2500\u2500\u2500\u2500\u2500\u2500\u2500\u2500\u2500\u2500\u2500\u253c\u2500\u2500\u2500\u2500\u2500\u2500\u253c\u2500\u2500\u2500\u2500\u2500\u2500\u2500\u2500\u2500\u2500\u2500\u2500\u253c\u2500\u2500\u2500\u2500\u2500\u2500\u2500\u2500\u2500\u2500\u2500\u2500\u2500\u253c\u2500\u2500\u2500\u2500\u2500\u2500\u2500\u2500\u2500\u2500\u2524\\n\u2502 1  \u2502 TZFilterPr\u2026 \u2502 Overnight   \u2502      \u2502 2025-08-01 \u2502 2025-08-01  \u2502 4h 0m 0s \u2502\\n\u2502    \u2502             \u2502 Task        \u2502      \u2502 18:00      \u2502 22:00       \u2502          \u2502\\n\u2514\u2500\u2500\u2500\u2500\u2534\u2500\u2500\u2500\u2500\u2500\u2500\u2500\u2500\u2500\u2500\u2500\u2500\u2500\u2534\u2500\u2500\u2500\u2500\u2500\u2500\u2500\u2500\u2500\u2500\u2500\u2500\u2500\u2534\u2500\u2500\u2500\u2500\u2500\u2500\u2534\u2500\u2500\u2500\u2500\u2500\u2500\u2500\u2500\u2500\u2500\u2500\u2500\u2534\u2500\u2500\u2500\u2500\u2500\u2500\u2500\u2500\u2500\u2500\u2500\u2500\u2500\u2534\u2500\u2500\u2500\u2500\u2500\u2500\u2500\u2500\u2500\u2500\u2518\\n'
E    +  where '                                   Time Logs                                   \\n\u250c\u2500\u2500\u2500\u2500\u252c\u2500\u2500\u2500\u2500\u2500\u2500\u2500\u2500\u2500\u2500\u2500\u2500\u2500\u252c\u2500\u2500\u2500\u2500\u2500\u2500\u2500\u2500\u2500\u2500\u2500\u2500\u2500\u252c\u2500\u2500\u2500\u2500\u2500\u2500\u252c\u2500\u2500\u2500\u2500\u2500\u2500\u2500\u2500\u2500\u2500\u2500\u2500\u252c\u2500\u2500\u2500\u2500\u2500\u2500\u2500\u2500\u2500\u2500\u2500\u2500\u2500\u252c\u2500\u2500\u2500\u2500\u2500\u2500\u2500\u2500\u2500\u2500\u2510\\n\u2502 ID \u2502 Project     \u2502 Description \u2502 Tags \u2502 Start Time \u2502 End Time    \u2502 Duration \u2502\\n\u251c\u2500\u2500\u2500\u2500\u253c\u2500\u2500\u2500\u2500\u2500\u2500\u2500\u2500\u2500\u2500\u2500\u2500\u2500\u253c\u2500\u2500\u2500\u2500\u2500\u2500\u2500\u2500\u2500\u2500\u2500\u2500\u2500\u253c\u2500\u2500\u2500\u2500\u2500\u2500\u253c\u2500\u2500\u2500\u2500\u2500\u2500\u2500\u2500\u2500\u2500\u2500\u2500\u253c\u2500\u2500\u2500\u2500\u2500\u2500\u2500\u2500\u2500\u2500\u2500\u2500\u2500\u253c\u2500\u2500\u2500\u2500\u2500\u2500\u2500\u2500\u2500\u2500\u2524\\n\u2502 1  \u2502 TZFilterPr\u2026 \u2502 Overnight   \u2502      \u2502 2025-08-01 \u2502 2025-08-01  \u2502 4h 0m 0s \u2502\\n\u2502    \u2502             \u2502 Task        \u2502      \u2502 18:00      \u2502 22:00       \u2502          \u2502\\n\u2514\u2500\u2500\u2500\u2500\u2534\u2500\u2500\u2500\u2500\u2500\u2500\u2500\u2500\u2500\u2500\u2500\u2500\u2500\u2534\u2500\u2500\u2500\u2500\u2500\u2500\u2500\u2500\u2500\u2500\u2500\u2500\u2500\u2534\u2500\u2500\u2500\u2500\u2500\u2500\u2534\u2500\u2500\u2500\u2500\u2500\u2500\u2500\u2500\u2500\u2500\u2500\u2500\u2534\u2500\u2500\u2500\u2500\u2500\u2500\u2500\u2500\u2500\u2500\u2500\u2500\u2500\u2534\u2500\u2500\u2500\u2500\u2500\u2500\u2500\u2500\u2500\u2500\u2518\\n' = <Result okay>.stdout
=========================== short test summary info ===========================
FAILED tests/test_cli.py::test_start_timer_already_running - assert 0 == 1
FAILED tests/test_cli.py::test_status_running - assert 1 == 0
FAILED tests/test_cli.py::test_config_set_and_get_timezone - assert "Configur...
FAILED tests/test_cli.py::test_status_output_timezone_aware - assert 1 == 0
FAILED tests/test_cli.py::test_cli_commands_run_without_error - AssertionErro...
FAILED tests/test_cli_config.py::test_config_set_get_list_delete - assert "Co...
FAILED tests/test_cli_reports.py::test_report_generate_timezone_aware - Asser...
FAILED tests/test_cli_time_entries.py::test_logs_all - AssertionError: assert...
FAILED tests/test_cli_time_entries.py::test_logs_output_timezone_aware - Asse...
FAILED tests/test_cli_time_entries.py::test_logs_date_filter_timezone_aware
======================== 10 failed, 35 passed in 2.38s ========================
